Build started 10/2/2013 4:19:43 PM.
     1>Project "C:\Users\guoxin.jin\Documents\CodingStudy\build\vc11\CodingStudy\CodingStudy.vcxproj" on node 2 (Build target(s)).
     1>ClCompile:
         C:\Program Files (x86)\Microsoft Visual Studio 11.0\VC\bin\CL.exe /c /ZI /nologo /W3 /WX- /sdl /Od /Oy- /D _MBCS /Gm /EHsc /RTC1 /MDd /GS /fp:precise /Zc:wchar_t /Zc:forScope /Fo"Debug\\" /Fd"Debug\vc110.pdb" /Gd /TP /analyze- /errorReport:prompt ..\..\..\src\RegularExpressionMatch.cpp ..\..\..\src\main.cpp ..\..\..\src\tester.cpp
         tester.cpp
     1>c:\users\guoxin.jin\documents\codingstudy\include\gtest\gtest.h(58): fatal error C1083: Cannot open include file: 'gtest/internal/gtest-internal.h': No such file or directory
         main.cpp
         RegularExpressionMatch.cpp
         Generating Code...
     1>Done Building Project "C:\Users\guoxin.jin\Documents\CodingStudy\build\vc11\CodingStudy\CodingStudy.vcxproj" (Build target(s)) -- FAILED.

Build FAILED.

Time Elapsed 00:00:03.19
